Build started 25/3/2015 12:27:39 AM.
     1>Project "C:\Users\USER\Documents\Visual Studio 2013\Projects\TryThis\TaskHub\TaskHub.vcxproj" on node 2 (Build target(s)).
     1>ClCompile:
         C:\Program Files (x86)\Microsoft Visual Studio 12.0\VC\bin\CL.exe /c /Zi /nologo /W3 /WX- /O2 /Oi /Oy- /GL /D _MBCS /Gm- /EHsc /MD /GS /Gy /fp:precise /Zc:wchar_t /Zc:forScope /Fo"Release\\" /Fd"Release\vc120.pdb" /Gd /TP /analyze- /errorReport:prompt CommandAdd.cpp CommandDelete.cpp CommandDisplay.cpp CommandInterpreter.cpp CommandMarkDone.cpp CommandRedo.cpp CommandSearch.cpp CommandUndo.cpp CommandUpdate.cpp DateParser.cpp History.cpp Logic.cpp Parser.cpp StorageController.cpp TaskDeadline.cpp TaskFloating.cpp TaskRecurring.cpp TaskTimed.cpp TaskStorage.cpp TimeParser.cpp Ui.cpp VenueParser.cpp
         CommandAdd.cpp
         CommandDelete.cpp
         CommandDisplay.cpp
         CommandInterpreter.cpp
         CommandMarkDone.cpp
         CommandRedo.cpp
         CommandSearch.cpp
         CommandUndo.cpp
         CommandUpdate.cpp
         DateParser.cpp
         History.cpp
         Logic.cpp
         Parser.cpp
         StorageController.cpp
         TaskDeadline.cpp
         TaskFloating.cpp
         TaskRecurring.cpp
         TaskTimed.cpp
         TaskStorage.cpp
         TimeParser.cpp
         Compiling...
         Ui.cpp
         VenueParser.cpp
       Link:
         C:\Program Files (x86)\Microsoft Visual Studio 12.0\VC\bin\link.exe /ERRORREPORT:PROMPT /OUT:"C:\Users\USER\Documents\Visual Studio 2013\Projects\TryThis\Release\TaskHub.exe" /NOLOGO kernel32.lib user32.lib gdi32.lib winspool.lib comdlg32.lib advapi32.lib shell32.lib ole32.lib oleaut32.lib uuid.lib odbc32.lib odbccp32.lib /MANIFEST /MANIFESTUAC:"level='asInvoker' uiAccess='false'" /manifest:embed /DEBUG /PDB:"C:\Users\USER\Documents\Visual Studio 2013\Projects\TryThis\Release\TaskHub.pdb" /OPT:REF /OPT:ICF /LTCG /TLBID:1 /DYNAMICBASE /NXCOMPAT /IMPLIB:"C:\Users\USER\Documents\Visual Studio 2013\Projects\TryThis\Release\TaskHub.lib" /MACHINE:X86 /SAFESEH Release\CommandAdd.obj
         Release\CommandDelete.obj
         Release\CommandDisplay.obj
         Release\CommandInterpreter.obj
         Release\CommandMarkDone.obj
         Release\CommandRedo.obj
         Release\CommandSearch.obj
         Release\CommandUndo.obj
         Release\CommandUpdate.obj
         Release\DateParser.obj
         Release\History.obj
         Release\Logic.obj
         Release\Parser.obj
         Release\StorageController.obj
         Release\TaskDeadline.obj
         Release\TaskFloating.obj
         Release\TaskRecurring.obj
         Release\TaskTimed.obj
         Release\TaskStorage.obj
         Release\TimeParser.obj
         Release\Ui.obj
         Release\VenueParser.obj
     1>LINK : fatal error LNK1561: entry point must be defined
     1>Done Building Project "C:\Users\USER\Documents\Visual Studio 2013\Projects\TryThis\TaskHub\TaskHub.vcxproj" (Build target(s)) -- FAILED.

Build FAILED.

Time Elapsed 00:00:17.56
