Build started 25/3/2015 12:28:16 AM.
     1>Project "C:\Users\USER\Documents\Visual Studio 2013\Projects\TryThis\TaskHubMain\TaskHubMain.vcxproj" on node 2 (Build target(s)).
     1>Link:
         C:\Program Files (x86)\Microsoft Visual Studio 12.0\VC\bin\link.exe /ERRORREPORT:PROMPT /OUT:"C:\Users\USER\Documents\Visual Studio 2013\Projects\TryThis\Release\TaskHubMain.exe" /NOLOGO kernel32.lib user32.lib gdi32.lib winspool.lib comdlg32.lib advapi32.lib shell32.lib ole32.lib oleaut32.lib uuid.lib odbc32.lib odbccp32.lib /MANIFEST /MANIFESTUAC:"level='asInvoker' uiAccess='false'" /manifest:embed /DEBUG /PDB:"C:\Users\USER\Documents\Visual Studio 2013\Projects\TryThis\Release\TaskHubMain.pdb" /OPT:REF /OPT:ICF /LTCG /TLBID:1 /DYNAMICBASE /NXCOMPAT /IMPLIB:"C:\Users\USER\Documents\Visual Studio 2013\Projects\TryThis\Release\TaskHubMain.lib" /MACHINE:X86 /SAFESEH Release\TaskHubMain.obj
         "C:\Users\USER\Documents\Visual Studio 2013\Projects\TryThis\Debug\TaskHub.lib"
     1>TaskHub.lib(CommandInterpreter.obj) : error LNK2038: mismatch detected for '_ITERATOR_DEBUG_LEVEL': value '2' doesn't match value '0' in TaskHubMain.obj
     1>TaskHub.lib(CommandInterpreter.obj) : error LNK2038: mismatch detected for 'RuntimeLibrary': value 'MDd_DynamicDebug' doesn't match value 'MD_DynamicRelease' in TaskHubMain.obj
     1>TaskHub.lib(CommandInterpreter.obj) : warning LNK4075: ignoring '/EDITANDCONTINUE' due to '/OPT:ICF' specification
     1>TaskHub.lib(Ui.obj) : error LNK2038: mismatch detected for '_ITERATOR_DEBUG_LEVEL': value '2' doesn't match value '0' in TaskHubMain.obj
     1>TaskHub.lib(Ui.obj) : error LNK2038: mismatch detected for 'RuntimeLibrary': value 'MDd_DynamicDebug' doesn't match value 'MD_DynamicRelease' in TaskHubMain.obj
     1>TaskHub.lib(StorageController.obj) : error LNK2038: mismatch detected for '_ITERATOR_DEBUG_LEVEL': value '2' doesn't match value '0' in TaskHubMain.obj
     1>TaskHub.lib(StorageController.obj) : error LNK2038: mismatch detected for 'RuntimeLibrary': value 'MDd_DynamicDebug' doesn't match value 'MD_DynamicRelease' in TaskHubMain.obj
     1>TaskHub.lib(Logic.obj) : error LNK2038: mismatch detected for '_ITERATOR_DEBUG_LEVEL': value '2' doesn't match value '0' in TaskHubMain.obj
     1>TaskHub.lib(Logic.obj) : error LNK2038: mismatch detected for 'RuntimeLibrary': value 'MDd_DynamicDebug' doesn't match value 'MD_DynamicRelease' in TaskHubMain.obj
     1>TaskHub.lib(Parser.obj) : error LNK2038: mismatch detected for '_ITERATOR_DEBUG_LEVEL': value '2' doesn't match value '0' in TaskHubMain.obj
     1>TaskHub.lib(Parser.obj) : error LNK2038: mismatch detected for 'RuntimeLibrary': value 'MDd_DynamicDebug' doesn't match value 'MD_DynamicRelease' in TaskHubMain.obj
     1>TaskHub.lib(History.obj) : error LNK2038: mismatch detected for '_ITERATOR_DEBUG_LEVEL': value '2' doesn't match value '0' in TaskHubMain.obj
     1>TaskHub.lib(History.obj) : error LNK2038: mismatch detected for 'RuntimeLibrary': value 'MDd_DynamicDebug' doesn't match value 'MD_DynamicRelease' in TaskHubMain.obj
     1>TaskHub.lib(CommandAdd.obj) : error LNK2038: mismatch detected for '_ITERATOR_DEBUG_LEVEL': value '2' doesn't match value '0' in TaskHubMain.obj
     1>TaskHub.lib(CommandAdd.obj) : error LNK2038: mismatch detected for 'RuntimeLibrary': value 'MDd_DynamicDebug' doesn't match value 'MD_DynamicRelease' in TaskHubMain.obj
     1>TaskHub.lib(CommandUpdate.obj) : error LNK2038: mismatch detected for '_ITERATOR_DEBUG_LEVEL': value '2' doesn't match value '0' in TaskHubMain.obj
     1>TaskHub.lib(CommandUpdate.obj) : error LNK2038: mismatch detected for 'RuntimeLibrary': value 'MDd_DynamicDebug' doesn't match value 'MD_DynamicRelease' in TaskHubMain.obj
     1>TaskHub.lib(CommandDelete.obj) : error LNK2038: mismatch detected for '_ITERATOR_DEBUG_LEVEL': value '2' doesn't match value '0' in TaskHubMain.obj
     1>TaskHub.lib(CommandDelete.obj) : error LNK2038: mismatch detected for 'RuntimeLibrary': value 'MDd_DynamicDebug' doesn't match value 'MD_DynamicRelease' in TaskHubMain.obj
     1>TaskHub.lib(CommandSearch.obj) : error LNK2038: mismatch detected for '_ITERATOR_DEBUG_LEVEL': value '2' doesn't match value '0' in TaskHubMain.obj
     1>TaskHub.lib(CommandSearch.obj) : error LNK2038: mismatch detected for 'RuntimeLibrary': value 'MDd_DynamicDebug' doesn't match value 'MD_DynamicRelease' in TaskHubMain.obj
     1>TaskHub.lib(CommandDisplay.obj) : error LNK2038: mismatch detected for '_ITERATOR_DEBUG_LEVEL': value '2' doesn't match value '0' in TaskHubMain.obj
     1>TaskHub.lib(CommandDisplay.obj) : error LNK2038: mismatch detected for 'RuntimeLibrary': value 'MDd_DynamicDebug' doesn't match value 'MD_DynamicRelease' in TaskHubMain.obj
     1>TaskHub.lib(CommandMarkDone.obj) : error LNK2038: mismatch detected for '_ITERATOR_DEBUG_LEVEL': value '2' doesn't match value '0' in TaskHubMain.obj
     1>TaskHub.lib(CommandMarkDone.obj) : error LNK2038: mismatch detected for 'RuntimeLibrary': value 'MDd_DynamicDebug' doesn't match value 'MD_DynamicRelease' in TaskHubMain.obj
     1>TaskHub.lib(CommandUndo.obj) : error LNK2038: mismatch detected for '_ITERATOR_DEBUG_LEVEL': value '2' doesn't match value '0' in TaskHubMain.obj
     1>TaskHub.lib(CommandUndo.obj) : error LNK2038: mismatch detected for 'RuntimeLibrary': value 'MDd_DynamicDebug' doesn't match value 'MD_DynamicRelease' in TaskHubMain.obj
     1>TaskHub.lib(CommandRedo.obj) : error LNK2038: mismatch detected for '_ITERATOR_DEBUG_LEVEL': value '2' doesn't match value '0' in TaskHubMain.obj
     1>TaskHub.lib(CommandRedo.obj) : error LNK2038: mismatch detected for 'RuntimeLibrary': value 'MDd_DynamicDebug' doesn't match value 'MD_DynamicRelease' in TaskHubMain.obj
     1>TaskHub.lib(DateParser.obj) : error LNK2038: mismatch detected for '_ITERATOR_DEBUG_LEVEL': value '2' doesn't match value '0' in TaskHubMain.obj
     1>TaskHub.lib(DateParser.obj) : error LNK2038: mismatch detected for 'RuntimeLibrary': value 'MDd_DynamicDebug' doesn't match value 'MD_DynamicRelease' in TaskHubMain.obj
     1>TaskHub.lib(TimeParser.obj) : error LNK2038: mismatch detected for '_ITERATOR_DEBUG_LEVEL': value '2' doesn't match value '0' in TaskHubMain.obj
     1>TaskHub.lib(TimeParser.obj) : error LNK2038: mismatch detected for 'RuntimeLibrary': value 'MDd_DynamicDebug' doesn't match value 'MD_DynamicRelease' in TaskHubMain.obj
     1>TaskHub.lib(VenueParser.obj) : error LNK2038: mismatch detected for '_ITERATOR_DEBUG_LEVEL': value '2' doesn't match value '0' in TaskHubMain.obj
     1>TaskHub.lib(VenueParser.obj) : error LNK2038: mismatch detected for 'RuntimeLibrary': value 'MDd_DynamicDebug' doesn't match value 'MD_DynamicRelease' in TaskHubMain.obj
     1>LINK : warning LNK4098: defaultlib 'MSVCRTD' conflicts with use of other libs; use /NODEFAULTLIB:library
     1>C:\Users\USER\Documents\Visual Studio 2013\Projects\TryThis\Release\TaskHubMain.exe : fatal error LNK1319: 34 mismatches detected
     1>Done Building Project "C:\Users\USER\Documents\Visual Studio 2013\Projects\TryThis\TaskHubMain\TaskHubMain.vcxproj" (Build target(s)) -- FAILED.

Build FAILED.

Time Elapsed 00:00:00.53
